Release 14.7 - xst P.20131013 (nt64)
Copyright (c) 1995-2013 Xilinx, Inc.  All rights reserved.
--> Parameter TMPDIR set to xst/projnav.tmp


Total REAL time to Xst completion: 0.00 secs
Total CPU time to Xst completion: 0.06 secs
 
--> Parameter xsthdpdir set to xst


Total REAL time to Xst completion: 0.00 secs
Total CPU time to Xst completion: 0.06 secs
 
--> Reading design: neander.prj

TABLE OF CONTENTS
  1) Synthesis Options Summary
  2) HDL Compilation
  3) Design Hierarchy Analysis
  4) HDL Analysis
  5) HDL Synthesis
     5.1) HDL Synthesis Report
  6) Advanced HDL Synthesis
     6.1) Advanced HDL Synthesis Report
  7) Low Level Synthesis
  8) Partition Report
  9) Final Report
	9.1) Device utilization summary
	9.2) Partition Resource Summary
	9.3) TIMING REPORT


=========================================================================
*                      Synthesis Options Summary                        *
=========================================================================
---- Source Parameters
Input File Name                    : "neander.prj"
Input Format                       : mixed
Ignore Synthesis Constraint File   : NO

---- Target Parameters
Output File Name                   : "neander"
Output Format                      : NGC
Target Device                      : xc3s100e-5-cp132

---- Source Options
Top Module Name                    : neander
Automatic FSM Extraction           : YES
FSM Encoding Algorithm             : Auto
Safe Implementation                : No
FSM Style                          : LUT
RAM Extraction                     : Yes
RAM Style                          : Auto
ROM Extraction                     : Yes
Mux Style                          : Auto
Decoder Extraction                 : YES
Priority Encoder Extraction        : Yes
Shift Register Extraction          : YES
Logical Shifter Extraction         : YES
XOR Collapsing                     : YES
ROM Style                          : Auto
Mux Extraction                     : Yes
Resource Sharing                   : YES
Asynchronous To Synchronous        : NO
Multiplier Style                   : Auto
Automatic Register Balancing       : No

---- Target Options
Add IO Buffers                     : YES
Global Maximum Fanout              : 100000
Add Generic Clock Buffer(BUFG)     : 24
Register Duplication               : YES
Slice Packing                      : YES
Optimize Instantiated Primitives   : NO
Use Clock Enable                   : Yes
Use Synchronous Set                : Yes
Use Synchronous Reset              : Yes
Pack IO Registers into IOBs        : Auto
Equivalent register Removal        : YES

---- General Options
Optimization Goal                  : Speed
Optimization Effort                : 1
Keep Hierarchy                     : No
Netlist Hierarchy                  : As_Optimized
RTL Output                         : Yes
Global Optimization                : AllClockNets
Read Cores                         : YES
Write Timing Constraints           : NO
Cross Clock Analysis               : NO
Hierarchy Separator                : /
Bus Delimiter                      : <>
Case Specifier                     : Maintain
Slice Utilization Ratio            : 100
BRAM Utilization Ratio             : 100
Verilog 2001                       : YES
Auto BRAM Packing                  : NO
Slice Utilization Ratio Delta      : 5

=========================================================================


=========================================================================
*                          HDL Compilation                              *
=========================================================================
Compiling vhdl file "C:/Users/Felipe/Documents/Sistemas-Digitais/NEANDER/NEANDER/neander.vhd" in Library work.
Entity <neander> compiled.
Entity <neander> (Architecture <behavioral>) compiled.

=========================================================================
*                     Design Hierarchy Analysis                         *
=========================================================================
Analyzing hierarchy for entity <neander> in library <work> (architecture <behavioral>).


=========================================================================
*                            HDL Analysis                               *
=========================================================================
Analyzing Entity <neander> in library <work> (Architecture <behavioral>).
INFO:Xst:1561 - "C:/Users/Felipe/Documents/Sistemas-Digitais/NEANDER/NEANDER/neander.vhd" line 71: Mux is complete : default of case is discarded
Entity <neander> analyzed. Unit <neander> generated.


=========================================================================
*                           HDL Synthesis                               *
=========================================================================

Performing bidirectional port resolution...

Synthesizing Unit <neander>.
    Related source file is "C:/Users/Felipe/Documents/Sistemas-Digitais/NEANDER/NEANDER/neander.vhd".
WARNING:Xst:737 - Found 1-bit latch for signal <reg_N>. Latches may be generated from incomplete case or if statements. We do not recommend the use of latches in FPGA/CPLD designs, as they may lead to timing problems.
WARNING:Xst:737 - Found 1-bit latch for signal <reg_Z>. Latches may be generated from incomplete case or if statements. We do not recommend the use of latches in FPGA/CPLD designs, as they may lead to timing problems.
    Found 8-bit register for signal <reg_REM>.
    Found 8-bit register for signal <reg_RI>.
    Found 8-bit adder for signal <out_ULA$addsub0000> created at line 45.
    Found 8-bit register for signal <reg_AC>.
    Found 8-bit up counter for signal <reg_PC>.
    Found 8-bit register for signal <reg_RDM>.
    Summary:
	inferred   1 Counter(s).
	inferred  32 D-type flip-flop(s).
	inferred   1 Adder/Subtractor(s).
Unit <neander> synthesized.


=========================================================================
HDL Synthesis Report

Macro Statistics
# Adders/Subtractors                                   : 1
 8-bit adder                                           : 1
# Counters                                             : 1
 8-bit up counter                                      : 1
# Registers                                            : 4
 8-bit register                                        : 4
# Latches                                              : 2
 1-bit latch                                           : 2

=========================================================================

=========================================================================
*                       Advanced HDL Synthesis                          *
=========================================================================


=========================================================================
Advanced HDL Synthesis Report

Macro Statistics
# Adders/Subtractors                                   : 1
 8-bit adder                                           : 1
# Counters                                             : 1
 8-bit up counter                                      : 1
# Registers                                            : 32
 Flip-Flops                                            : 32
# Latches                                              : 2
 1-bit latch                                           : 2

=========================================================================

=========================================================================
*                         Low Level Synthesis                           *
=========================================================================

Optimizing unit <neander> ...

Mapping all equations...
Building and optimizing final netlist ...
Found area constraint ratio of 100 (+ 5) on block neander, actual ratio is 4.

Final Macro Processing ...

=========================================================================
Final Register Report

Macro Statistics
# Registers                                            : 40
 Flip-Flops                                            : 40

=========================================================================

=========================================================================
*                           Partition Report                            *
=========================================================================

Partition Implementation Status
-------------------------------

  No Partitions were found in this design.

-------------------------------

=========================================================================
*                            Final Report                               *
=========================================================================
Final Results
RTL Top Level Output File Name     : neander.ngr
Top Level Output File Name         : neander
Output Format                      : NGC
Optimization Goal                  : Speed
Keep Hierarchy                     : No

Design Statistics
# IOs                              : 43

Cell Usage :
# BELS                             : 88
#      GND                         : 1
#      INV                         : 1
#      LUT2                        : 10
#      LUT3                        : 16
#      LUT4                        : 22
#      LUT4_L                      : 8
#      MUXCY                       : 14
#      XORCY                       : 16
# FlipFlops/Latches                : 42
#      FDCE                        : 40
#      LD                          : 2
# Clock Buffers                    : 2
#      BUFG                        : 1
#      BUFGP                       : 1
# IO Buffers                       : 42
#      IBUF                        : 24
#      OBUF                        : 18
=========================================================================

Device utilization summary:
---------------------------

Selected Device : 3s100ecp132-5 

 Number of Slices:                       31  out of    960     3%  
 Number of Slice Flip Flops:             40  out of   1920     2%  
 Number of 4 input LUTs:                 57  out of   1920     2%  
 Number of IOs:                          43
 Number of bonded IOBs:                  43  out of     83    51%  
    IOB Flip Flops:                       2
 Number of GCLKs:                         2  out of     24     8%  

---------------------------
Partition Resource Summary:
---------------------------

  No Partitions were found in this design.

---------------------------


=========================================================================
TIMING REPORT

NOTE: THESE TIMING NUMBERS ARE ONLY A SYNTHESIS ESTIMATE.
      FOR ACCURATE TIMING INFORMATION PLEASE REFER TO THE TRACE REPORT
      GENERATED AFTER PLACE-and-ROUTE.

Clock Information:
------------------
-----------------------------------+------------------------+-------+
Clock Signal                       | Clock buffer(FF name)  | Load  |
-----------------------------------+------------------------+-------+
clk                                | BUFGP                  | 40    |
ctrl_ULA                           | IBUF+BUFG              | 2     |
-----------------------------------+------------------------+-------+

Asynchronous Control Signals Information:
----------------------------------------
-----------------------------------+------------------------+-------+
Control Signal                     | Buffer(FF name)        | Load  |
-----------------------------------+------------------------+-------+
rst_AC                             | IBUF                   | 8     |
rst_PC                             | IBUF                   | 8     |
rst_RDM                            | IBUF                   | 8     |
rst_REM                            | IBUF                   | 8     |
rst_RI                             | IBUF                   | 8     |
-----------------------------------+------------------------+-------+

Timing Summary:
---------------
Speed Grade: -5

   Minimum period: 4.416ns (Maximum Frequency: 226.467MHz)
   Minimum input arrival time before clock: 7.320ns
   Maximum output required time after clock: 4.114ns
   Maximum combinational path delay: No path found

Timing Detail:
--------------
All values displayed in nanoseconds (ns)

=========================================================================
Timing constraint: Default period analysis for Clock 'clk'
  Clock period: 4.416ns (frequency: 226.467MHz)
  Total number of paths / destination ports: 228 / 32
-------------------------------------------------------------------------
Delay:               4.416ns (Levels of Logic = 10)
  Source:            reg_RDM_0 (FF)
  Destination:       reg_AC_7 (FF)
  Source Clock:      clk rising
  Destination Clock: clk rising

  Data Path: reg_RDM_0 to reg_AC_7
                                Gate     Net
    Cell:in->out      fanout   Delay   Delay  Logical Name (Net Name)
    ----------------------------------------  ------------
     FDCE:C->Q             6   0.514   0.638  reg_RDM_0 (reg_RDM_0)
     LUT2:I1->O            1   0.612   0.000  Madd_out_ULA_addsub0000_lut<0> (Madd_out_ULA_addsub0000_lut<0>)
     MUXCY:S->O            1   0.404   0.000  Madd_out_ULA_addsub0000_cy<0> (Madd_out_ULA_addsub0000_cy<0>)
     MUXCY:CI->O           1   0.052   0.000  Madd_out_ULA_addsub0000_cy<1> (Madd_out_ULA_addsub0000_cy<1>)
     MUXCY:CI->O           1   0.052   0.000  Madd_out_ULA_addsub0000_cy<2> (Madd_out_ULA_addsub0000_cy<2>)
     MUXCY:CI->O           1   0.052   0.000  Madd_out_ULA_addsub0000_cy<3> (Madd_out_ULA_addsub0000_cy<3>)
     MUXCY:CI->O           1   0.052   0.000  Madd_out_ULA_addsub0000_cy<4> (Madd_out_ULA_addsub0000_cy<4>)
     MUXCY:CI->O           1   0.052   0.000  Madd_out_ULA_addsub0000_cy<5> (Madd_out_ULA_addsub0000_cy<5>)
     MUXCY:CI->O           0   0.051   0.000  Madd_out_ULA_addsub0000_cy<6> (Madd_out_ULA_addsub0000_cy<6>)
     XORCY:CI->O           1   0.699   0.360  Madd_out_ULA_addsub0000_xor<7> (out_ULA_addsub0000<7>)
     LUT4:I3->O            3   0.612   0.000  out_ULA<7>36 (out_ULA<7>)
     FDCE:D                    0.268          reg_AC_7
    ----------------------------------------
    Total                      4.416ns (3.418ns logic, 0.998ns route)
                                       (77.4% logic, 22.6% route)

=========================================================================
Timing constraint: Default OFFSET IN BEFORE for Clock 'clk'
  Total number of paths / destination ports: 244 / 72
-------------------------------------------------------------------------
Offset:              5.056ns (Levels of Logic = 4)
  Source:            sel_ULA<1> (PAD)
  Destination:       reg_AC_0 (FF)
  Destination Clock: clk rising

  Data Path: sel_ULA<1> to reg_AC_0
                                Gate     Net
    Cell:in->out      fanout   Delay   Delay  Logical Name (Net Name)
    ----------------------------------------  ------------
     IBUF:I->O             5   1.106   0.690  sel_ULA_1_IBUF (sel_ULA_1_IBUF)
     LUT4:I0->O            8   0.612   0.795  out_ULA<0>21 (N11)
     LUT4:I0->O            1   0.612   0.360  out_ULA<0>0_SW0 (N16)
     LUT4:I3->O            2   0.612   0.000  out_ULA<0>33 (out_ULA<0>)
     FDCE:D                    0.268          reg_AC_0
    ----------------------------------------
    Total                      5.056ns (3.210ns logic, 1.846ns route)
                                       (63.5% logic, 36.5% route)

=========================================================================
Timing constraint: Default OFFSET IN BEFORE for Clock 'ctrl_ULA'
  Total number of paths / destination ports: 162 / 2
-------------------------------------------------------------------------
Offset:              7.320ns (Levels of Logic = 6)
  Source:            sel_ULA<1> (PAD)
  Destination:       reg_Z (LATCH)
  Destination Clock: ctrl_ULA falling

  Data Path: sel_ULA<1> to reg_Z
                                Gate     Net
    Cell:in->out      fanout   Delay   Delay  Logical Name (Net Name)
    ----------------------------------------  ------------
     IBUF:I->O             5   1.106   0.690  sel_ULA_1_IBUF (sel_ULA_1_IBUF)
     LUT4:I0->O            8   0.612   0.795  out_ULA<0>21 (N11)
     LUT4:I0->O            1   0.612   0.360  out_ULA<0>0_SW0 (N16)
     LUT4:I3->O            2   0.612   0.532  out_ULA<0>33 (out_ULA<0>)
     LUT4:I0->O            1   0.612   0.509  reg_Z_cmp_eq000012 (reg_Z_cmp_eq000012)
     LUT2:I0->O            1   0.612   0.000  reg_Z_cmp_eq000026 (reg_Z_cmp_eq0000)
     LD:D                      0.268          reg_Z
    ----------------------------------------
    Total                      7.320ns (4.434ns logic, 2.886ns route)
                                       (60.6% logic, 39.4% route)

=========================================================================
Timing constraint: Default OFFSET OUT AFTER for Clock 'ctrl_ULA'
  Total number of paths / destination ports: 2 / 2
-------------------------------------------------------------------------
Offset:              4.114ns (Levels of Logic = 1)
  Source:            reg_N (LATCH)
  Destination:       reg_N (PAD)
  Source Clock:      ctrl_ULA falling

  Data Path: reg_N to reg_N
                                Gate     Net
    Cell:in->out      fanout   Delay   Delay  Logical Name (Net Name)
    ----------------------------------------  ------------
     LD:G->Q               1   0.588   0.357  reg_N (reg_N_OBUF)
     OBUF:I->O                 3.169          reg_N_OBUF (reg_N)
    ----------------------------------------
    Total                      4.114ns (3.757ns logic, 0.357ns route)
                                       (91.3% logic, 8.7% route)

=========================================================================
Timing constraint: Default OFFSET OUT AFTER for Clock 'clk'
  Total number of paths / destination ports: 16 / 16
-------------------------------------------------------------------------
Offset:              4.040ns (Levels of Logic = 1)
  Source:            reg_REM_7 (FF)
  Destination:       reg_REM<7> (PAD)
  Source Clock:      clk rising

  Data Path: reg_REM_7 to reg_REM<7>
                                Gate     Net
    Cell:in->out      fanout   Delay   Delay  Logical Name (Net Name)
    ----------------------------------------  ------------
     FDCE:C->Q             1   0.514   0.357  reg_REM_7 (reg_REM_7)
     OBUF:I->O                 3.169          reg_REM_7_OBUF (reg_REM<7>)
    ----------------------------------------
    Total                      4.040ns (3.683ns logic, 0.357ns route)
                                       (91.2% logic, 8.8% route)

=========================================================================


Total REAL time to Xst completion: 4.00 secs
Total CPU time to Xst completion: 4.02 secs
 
--> 

Total memory usage is 4515096 kilobytes

Number of errors   :    0 (   0 filtered)
Number of warnings :    2 (   0 filtered)
Number of infos    :    1 (   0 filtered)

