
****** PlanAhead v14.7 (64-bit)
  **** Build 321239 by xbuild on Fri Sep 27 19:29:51 MDT 2013
    ** Copyright 1986-1999, 2001-2013 Xilinx, Inc. All Rights Reserved.

INFO: [Common 17-78] Attempting to get a license: PlanAhead
INFO: [Common 17-290] Got license for PlanAhead
INFO: [Device 21-36] Loading parts and site information from D:/Xilinx/14.7/ISE_DS/PlanAhead/data/parts/arch.xml
Parsing RTL primitives file [D:/Xilinx/14.7/ISE_DS/PlanAhead/data/parts/xilinx/rtl/prims/rtl_prims.xml]
Finished parsing RTL primitives file [D:/Xilinx/14.7/ISE_DS/PlanAhead/data/parts/xilinx/rtl/prims/rtl_prims.xml]
start_gui
Failed to create the layout directory: 'C:\Users\Felipe\AppData\Roaming/Xilinx/PlanAhead\14.7\layouts\application'
source C:/Users/Felipe/Documents/Sistemas-Digitais/NEANDER/NEANDER/pa.fromNetlist.tcl
# create_project -name NEANDER -dir "C:/Users/Felipe/Documents/Sistemas-Digitais/NEANDER/NEANDER/planAhead_run_2" -part xc3s100ecp132-5
# set_property design_mode GateLvl [get_property srcset [current_run -impl]]
# set_property edif_top_file "C:/Users/Felipe/Documents/Sistemas-Digitais/NEANDER/NEANDER/neander.ngc" [ get_property srcset [ current_run ] ]
# add_files -norecurse { {C:/Users/Felipe/Documents/Sistemas-Digitais/NEANDER/NEANDER} }
# set_property target_constrs_file "neander.ucf" [current_fileset -constrset]
Adding file 'C:/Users/Felipe/Documents/Sistemas-Digitais/NEANDER/NEANDER/neander.ucf' to fileset 'constrs_1'
# add_files [list {neander.ucf}] -fileset [get_property constrset [current_run]]
# link_design
Design is defaulting to srcset: sources_1
Design is defaulting to constrset: constrs_1
Design is defaulting to project part: xc3s100ecp132-5
WARNING: [Common 17-175] Failed to make directory to contain cached edif files [C:/Users/Felipe/Documents/Sistemas-Digitais/NEANDER/NEANDER/planAhead_run_2/NEANDER.data/cache]
Release 14.7 - ngc2edif P.20131013 (nt64)
Copyright (c) 1995-2013 Xilinx, Inc.  All rights reserved.
Reading design neander.ngc ...
WARNING:NetListWriters:298 - No output is written to neander.xncf, ignored.
Processing design ...
   Preping design's networks ...
   Preping design's macros ...
  finished :Prep
Writing EDIF netlist file neander.edif ...
ngc2edif: Total memory usage is 4311304 kilobytes

Parsing EDIF File [./.Xil/PlanAhead-12200-DESKTOP-K4K57L4/ngc2edif/neander.edif]
Finished Parsing EDIF File [./.Xil/PlanAhead-12200-DESKTOP-K4K57L4/ngc2edif/neander.edif]
INFO: [Designutils 20-910] Reading macro library D:/Xilinx/14.7/ISE_DS/PlanAhead/data\./parts/xilinx/spartan3e/spartan3e/hd_int_macros.edn
Parsing EDIF File [D:/Xilinx/14.7/ISE_DS/PlanAhead/data\./parts/xilinx/spartan3e/spartan3e/hd_int_macros.edn]
Finished Parsing EDIF File [D:/Xilinx/14.7/ISE_DS/PlanAhead/data\./parts/xilinx/spartan3e/spartan3e/hd_int_macros.edn]
Loading clock regions from D:/Xilinx/14.7/ISE_DS/PlanAhead/data\parts/xilinx/spartan3e/spartan3e/xc3s100e/ClockRegion.xml
Loading clock buffers from D:/Xilinx/14.7/ISE_DS/PlanAhead/data\parts/xilinx/spartan3e/spartan3e/xc3s100e/ClockBuffers.xml
Loading package from D:/Xilinx/14.7/ISE_DS/PlanAhead/data\parts/xilinx/spartan3e/spartan3e/xc3s100e/cp132/Package.xml
Loading io standards from D:/Xilinx/14.7/ISE_DS/PlanAhead/data\./parts/xilinx/spartan3e/IOStandards.xml
INFO: [Device 21-19] Loading pkg sso from D:/Xilinx/14.7/ISE_DS/PlanAhead/data\parts/xilinx/spartan3e/spartan3e/xc3s100e/cp132/SSORules.xml
Loading list of drcs for the architecture : D:/Xilinx/14.7/ISE_DS/PlanAhead/data\./parts/xilinx/spartan3e/spartan3e/drc.xml
INFO: [Timing 38-77] Reading timing library D:/Xilinx/14.7/ISE_DS/PlanAhead/data\parts/xilinx/spartan3e/spartan3e/spartan3e-5.lib.
INFO: [Timing 38-34] Done reading timing library D:/Xilinx/14.7/ISE_DS/PlanAhead/data\parts/xilinx/spartan3e/spartan3e/spartan3e-5.lib.
Parsing UCF File [C:/Users/Felipe/Documents/Sistemas-Digitais/NEANDER/NEANDER/neander.ucf]
Finished Parsing UCF File [C:/Users/Felipe/Documents/Sistemas-Digitais/NEANDER/NEANDER/neander.ucf]
INFO: [Project 1-111] Unisim Transformation Summary:
No Unisim elements were transformed.

Phase 0 | Netlist Checksum: b35d7c4f
link_design: Time (s): elapsed = 00:00:08 . Memory (MB): peak = 602.730 ; gain = 129.316
exit
ERROR: [Common 17-39] 'stop_gui' failed due to earlier errors.
INFO: [Common 17-206] Exiting PlanAhead at Wed Aug 03 19:58:36 2022...
INFO: [Common 17-83] Releasing license: PlanAhead
